<?xml version="1.0" encoding="UTF-8"?>
<!-- Generated by org.testng.reporters.JUnitXMLReporter -->
<testsuite hostname="DEV_TEST_JOYDIP" ignored="11" name="Test2" tests="1" failures="0" timestamp="22 Nov 2018 06:43:08 GMT" time="399.715" errors="0">
  <testcase name="NRDA_RTI_SC_11_TC_15" time="389.973" classname="NRDA_RTI.NRDA_RTILoginAsEE"/>
  <testcase name="NRDA_RTI_SC_11_TC_09" time="0.0" classname="NRDA_RTI.NRDA_RTILoginAsEE">
    <ignored/>
  </testcase> <!-- NRDA_RTI_SC_11_TC_09 -->
  <testcase name="NRDA_RTI_SC_11_TC_06" time="0.0" classname="NRDA_RTI.NRDA_RTILoginAsEE">
    <ignored/>
  </testcase> <!-- NRDA_RTI_SC_11_TC_06 -->
  <testcase name="NRDA_RTI_SC_11_TC_07" time="0.0" classname="NRDA_RTI.NRDA_RTILoginAsEE">
    <ignored/>
  </testcase> <!-- NRDA_RTI_SC_11_TC_07 -->
  <testcase name="NRDA_RTI_SC_11_TC_16" time="0.0" classname="NRDA_RTI.NRDA_RTILoginAsEE">
    <ignored/>
  </testcase> <!-- NRDA_RTI_SC_11_TC_16 -->
  <testcase name="NRDA_RTI_SC_11_TC_13" time="0.0" classname="NRDA_RTI.NRDA_RTILoginAsEE">
    <ignored/>
  </testcase> <!-- NRDA_RTI_SC_11_TC_13 -->
  <testcase name="NRDA_RTI_SC_11_TC_02" time="0.0" classname="NRDA_RTI.NRDA_RTILoginAsEE">
    <ignored/>
  </testcase> <!-- NRDA_RTI_SC_11_TC_02 -->
  <testcase name="NRDA_RTI_SC_11_TC_03" time="0.0" classname="NRDA_RTI.NRDA_RTILoginAsEE">
    <ignored/>
  </testcase> <!-- NRDA_RTI_SC_11_TC_03 -->
  <testcase name="NRDA_RTI_SC_11_TC_08" time="0.0" classname="NRDA_RTI.NRDA_RTILoginAsEE">
    <ignored/>
  </testcase> <!-- NRDA_RTI_SC_11_TC_08 -->
  <testcase name="WithoutTC_NRDA_RTI_SC_09_TC_06" time="0.0" classname="NRDA_RTI.NRDA_RTILoginAsEE">
    <ignored/>
  </testcase> <!-- WithoutTC_NRDA_RTI_SC_09_TC_06 -->
  <testcase name="NRDA_RTI_SC_11_TC_01" time="0.0" classname="NRDA_RTI.NRDA_RTILoginAsEE">
    <ignored/>
  </testcase> <!-- NRDA_RTI_SC_11_TC_01 -->
  <testcase name="NRDA_RTI_SC_11_TC_12" time="0.0" classname="NRDA_RTI.NRDA_RTILoginAsEE">
    <ignored/>
  </testcase> <!-- NRDA_RTI_SC_11_TC_12 -->
</testsuite> <!-- Test2 -->
