<?xml version="1.0" encoding="UTF-8"?>
<!-- Generated by org.testng.reporters.JUnitXMLReporter -->
<testsuite hostname="DEV_TEST_JOYDIP" ignored="11" name="Test3" tests="1" failures="0" timestamp="22 Nov 2018 06:53:33 GMT" time="263.283" errors="0">
  <testcase name="NRDA_RTI_SC_12_TC_15" time="253.611" classname="NRDA_RTI.NRDA_RTILoginAsEmployee"/>
  <testcase name="NRDA_RTI_SC_12_TC_11" time="0.0" classname="NRDA_RTI.NRDA_RTILoginAsEmployee">
    <ignored/>
  </testcase> <!-- NRDA_RTI_SC_12_TC_11 -->
  <testcase name="NRDA_RTI_SC_12_TC_10" time="0.0" classname="NRDA_RTI.NRDA_RTILoginAsEmployee">
    <ignored/>
  </testcase> <!-- NRDA_RTI_SC_12_TC_10 -->
  <testcase name="NRDA_RTI_SC_12_TC_04" time="0.0" classname="NRDA_RTI.NRDA_RTILoginAsEmployee">
    <ignored/>
  </testcase> <!-- NRDA_RTI_SC_12_TC_04 -->
  <testcase name="NRDA_RTI_SC_12_TC_03" time="0.0" classname="NRDA_RTI.NRDA_RTILoginAsEmployee">
    <ignored/>
  </testcase> <!-- NRDA_RTI_SC_12_TC_03 -->
  <testcase name="NRDA_RTI_SC_12_TC_14" time="0.0" classname="NRDA_RTI.NRDA_RTILoginAsEmployee">
    <ignored/>
  </testcase> <!-- NRDA_RTI_SC_12_TC_14 -->
  <testcase name="NRDA_RTI_SC_12_TC_13" time="0.0" classname="NRDA_RTI.NRDA_RTILoginAsEmployee">
    <ignored/>
  </testcase> <!-- NRDA_RTI_SC_12_TC_13 -->
  <testcase name="NRDA_RTI_SC_12_TC_02" time="0.0" classname="NRDA_RTI.NRDA_RTILoginAsEmployee">
    <ignored/>
  </testcase> <!-- NRDA_RTI_SC_12_TC_02 -->
  <testcase name="NRDA_RTI_SC_12_TC_12" time="0.0" classname="NRDA_RTI.NRDA_RTILoginAsEmployee">
    <ignored/>
  </testcase> <!-- NRDA_RTI_SC_12_TC_12 -->
  <testcase name="NRDA_RTI_SC_12_TC_01" time="0.0" classname="NRDA_RTI.NRDA_RTILoginAsEmployee">
    <ignored/>
  </testcase> <!-- NRDA_RTI_SC_12_TC_01 -->
  <testcase name="NRDA_RTI_SC_12_TC_17" time="0.0" classname="NRDA_RTI.NRDA_RTILoginAsEmployee">
    <ignored/>
  </testcase> <!-- NRDA_RTI_SC_12_TC_17 -->
  <testcase name="NRDA_RTI_SC_12_TC_16" time="0.0" classname="NRDA_RTI.NRDA_RTILoginAsEmployee">
    <ignored/>
  </testcase> <!-- NRDA_RTI_SC_12_TC_16 -->
</testsuite> <!-- Test3 -->
