<?xml version="1.0" encoding="UTF-8"?>
<!-- Generated by org.testng.reporters.JUnitXMLReporter -->
<testsuite hostname="DEV_TEST_JOYDIP" ignored="30" name="Test" tests="1" failures="0" timestamp="04 Dec 2018 04:53:05 GMT" time="28.96" errors="0">
  <testcase name="NRDA_RTI_SC_01_TC_01" time="16.985" classname="NRDA_RTI.NRDA_RTICitizenWithout_BPL"/>
  <testcase name="NRDA_RTI_SC_05_TC_01" time="0.0" classname="NRDA_RTI.NRDA_RTICitizenWithout_BPL">
    <ignored/>
  </testcase> <!-- NRDA_RTI_SC_05_TC_01 -->
  <testcase name="NRDA_RTI_SC_08_TC_09" time="0.0" classname="NRDA_RTI.NRDA_RTICitizenWithout_BPL">
    <ignored/>
  </testcase> <!-- NRDA_RTI_SC_08_TC_09 -->
  <testcase name="NRDA_RTI_SC_05_TC_06" time="0.0" classname="NRDA_RTI.NRDA_RTICitizenWithout_BPL">
    <ignored/>
  </testcase> <!-- NRDA_RTI_SC_05_TC_06 -->
  <testcase name="NRDA_RTI_SC_07_TC_01" time="0.0" classname="NRDA_RTI.NRDA_RTICitizenWithout_BPL">
    <ignored/>
  </testcase> <!-- NRDA_RTI_SC_07_TC_01 -->
  <testcase name="NRDA_RTI_SC_08_TC_02" time="0.0" classname="NRDA_RTI.NRDA_RTICitizenWithout_BPL">
    <ignored/>
  </testcase> <!-- NRDA_RTI_SC_08_TC_02 -->
  <testcase name="NRDA_RTI_SC_08_TC_08" time="0.0" classname="NRDA_RTI.NRDA_RTICitizenWithout_BPL">
    <ignored/>
  </testcase> <!-- NRDA_RTI_SC_08_TC_08 -->
  <testcase name="NRDA_RTI_SC_03_TC_07" time="0.0" classname="NRDA_RTI.NRDA_RTICitizenWithout_BPL">
    <ignored/>
  </testcase> <!-- NRDA_RTI_SC_03_TC_07 -->
  <testcase name="NRDA_RTI_SC_08_TC_03" time="0.0" classname="NRDA_RTI.NRDA_RTICitizenWithout_BPL">
    <ignored/>
  </testcase> <!-- NRDA_RTI_SC_08_TC_03 -->
  <testcase name="NRDA_RTI_SC_03_TC_04" time="0.0" classname="NRDA_RTI.NRDA_RTICitizenWithout_BPL">
    <ignored/>
  </testcase> <!-- NRDA_RTI_SC_03_TC_04 -->
  <testcase name="NRDA_RTI_SC_08_TC_01" time="0.0" classname="NRDA_RTI.NRDA_RTICitizenWithout_BPL">
    <ignored/>
  </testcase> <!-- NRDA_RTI_SC_08_TC_01 -->
  <testcase name="NRDA_RTI_SC_03_TC_06" time="0.0" classname="NRDA_RTI.NRDA_RTICitizenWithout_BPL">
    <ignored/>
  </testcase> <!-- NRDA_RTI_SC_03_TC_06 -->
  <testcase name="NRDA_RTI_SC_08_TC_11" time="0.0" classname="NRDA_RTI.NRDA_RTICitizenWithout_BPL">
    <ignored/>
  </testcase> <!-- NRDA_RTI_SC_08_TC_11 -->
  <testcase name="NRDA_RTI_SC_03_TC_02" time="0.0" classname="NRDA_RTI.NRDA_RTICitizenWithout_BPL">
    <ignored/>
  </testcase> <!-- NRDA_RTI_SC_03_TC_02 -->
  <testcase name="NRDA_RTI_SC_03_TC_01" time="0.0" classname="NRDA_RTI.NRDA_RTICitizenWithout_BPL">
    <ignored/>
  </testcase> <!-- NRDA_RTI_SC_03_TC_01 -->
  <testcase name="NRDA_RTI_SC_06_TC_03" time="0.0" classname="NRDA_RTI.NRDA_RTICitizenWithout_BPL">
    <ignored/>
  </testcase> <!-- NRDA_RTI_SC_06_TC_03 -->
  <testcase name="NRDA_RTI_SC_06_TC_01" time="0.0" classname="NRDA_RTI.NRDA_RTICitizenWithout_BPL">
    <ignored/>
  </testcase> <!-- NRDA_RTI_SC_06_TC_01 -->
  <testcase name="NRDA_RTI_SC_06_TC_02" time="0.0" classname="NRDA_RTI.NRDA_RTICitizenWithout_BPL">
    <ignored/>
  </testcase> <!-- NRDA_RTI_SC_06_TC_02 -->
  <testcase name="NRDA_RTI_SC_08_TC_13" time="0.0" classname="NRDA_RTI.NRDA_RTICitizenWithout_BPL">
    <ignored/>
  </testcase> <!-- NRDA_RTI_SC_08_TC_13 -->
  <testcase name="NRDA_RTI_SC_03_TC_7A" time="0.0" classname="NRDA_RTI.NRDA_RTICitizenWithout_BPL">
    <ignored/>
  </testcase> <!-- NRDA_RTI_SC_03_TC_7A -->
  <testcase name="NRDA_RTI_SC_03_TC_15" time="0.0" classname="NRDA_RTI.NRDA_RTICitizenWithout_BPL">
    <ignored/>
  </testcase> <!-- NRDA_RTI_SC_03_TC_15 -->
  <testcase name="NRDA_RTI_SC_08_TC_12" time="0.0" classname="NRDA_RTI.NRDA_RTICitizenWithout_BPL">
    <ignored/>
  </testcase> <!-- NRDA_RTI_SC_08_TC_12 -->
  <testcase name="NRDA_RTI_SC_08_TC_10" time="0.0" classname="NRDA_RTI.NRDA_RTICitizenWithout_BPL">
    <ignored/>
  </testcase> <!-- NRDA_RTI_SC_08_TC_10 -->
  <testcase name="NRDA_RTI_SC_03_TC_14" time="0.0" classname="NRDA_RTI.NRDA_RTICitizenWithout_BPL">
    <ignored/>
  </testcase> <!-- NRDA_RTI_SC_03_TC_14 -->
  <testcase name="NRDA_RTI_SC_03_TC_11" time="0.0" classname="NRDA_RTI.NRDA_RTICitizenWithout_BPL">
    <ignored/>
  </testcase> <!-- NRDA_RTI_SC_03_TC_11 -->
  <testcase name="NRDA_RTI_SC_03_TC_05" time="0.0" classname="NRDA_RTI.NRDA_RTICitizenWithout_BPL">
    <ignored/>
  </testcase> <!-- NRDA_RTI_SC_03_TC_05 -->
  <testcase name="NRDA_RTI_SC_02_TC_05" time="0.0" classname="NRDA_RTI.NRDA_RTICitizenWithout_BPL">
    <ignored/>
  </testcase> <!-- NRDA_RTI_SC_02_TC_05 -->
  <testcase name="NRDA_RTI_SC_03_TC_13" time="0.0" classname="NRDA_RTI.NRDA_RTICitizenWithout_BPL">
    <ignored/>
  </testcase> <!-- NRDA_RTI_SC_03_TC_13 -->
  <testcase name="NRDA_RTI_SC_07_TC_03" time="0.0" classname="NRDA_RTI.NRDA_RTICitizenWithout_BPL">
    <ignored/>
  </testcase> <!-- NRDA_RTI_SC_07_TC_03 -->
  <testcase name="NRDA_RTI_SC_03_TC_12" time="0.0" classname="NRDA_RTI.NRDA_RTICitizenWithout_BPL">
    <ignored/>
  </testcase> <!-- NRDA_RTI_SC_03_TC_12 -->
  <testcase name="NRDA_RTI_SC_07_TC_02" time="0.0" classname="NRDA_RTI.NRDA_RTICitizenWithout_BPL">
    <ignored/>
  </testcase> <!-- NRDA_RTI_SC_07_TC_02 -->
</testsuite> <!-- Test -->
