<?xml version="1.0" encoding="UTF-8"?>
<!-- Generated by org.testng.reporters.JUnitXMLReporter -->
<testsuite hostname="DEV_TEST_JOYDIP" ignored="0" name="Test7" tests="2" failures="1" timestamp="23 Nov 2018 06:27:51 GMT" time="562.472" errors="0">
  <testcase name="NRDA_RTI_SC_17_TC_01" time="53.825" classname="NRDA_RTI.NRDA_RTILoginAsmanager_Release"/>
  <testcase name="NRDA_RTI_SC_17_TC_05" time="489.082" classname="NRDA_RTI.NRDA_RTILoginAsmanager_Release">
    <failure type="org.openqa.selenium.WebDriverException" message="unknown error: Element &amp;lt;button id=&amp;quot;inboxForm:submitButton&amp;quot; name=&amp;quot;inboxForm:submitButton&amp;quot; class=&amp;quot;ui-button ui-widget ui-state-default ui-corner-all ui-button-text-only&amp;quot; onclick=&amp;quot;PrimeFaces.ab({source:&amp;apos;inboxForm:submitButton&amp;apos;,update:&amp;apos;inboxForm:msg&amp;apos;});return false;&amp;quot; style=&amp;quot;color: blue; border: 2px solid Magenta;&amp;quot; type=&amp;quot;submit&amp;quot; role=&amp;quot;button&amp;quot; aria-disabled=&amp;quot;false&amp;quot;&amp;gt;...&amp;lt;/button&amp;gt; is not clickable at point (758, 581). Other element would receive the click: &amp;lt;div id=&amp;quot;j_id3344373_11839894_modal&amp;quot; class=&amp;quot;ui-widget-overlay&amp;quot; style=&amp;quot;width: 1364px; height: 1447px; z-index: 1002;&amp;quot;&amp;gt;&amp;lt;/div&amp;gt;
  (Session info: chrome=70.0.3538.102)
  (Driver info: chromedriver=2.38.552522 (437e6fbedfa8762dec75e2c5b3ddb86763dc9dcb),platform=Windows NT 10.0.10240 x86_64) (WARNING: The server did not provide any stacktrace information)
Command duration or timeout: 0 milliseconds
Build info: version: &amp;apos;3.7.1&amp;apos;, revision: &amp;apos;8a0099a&amp;apos;, time: &amp;apos;2017-11-06T21:01:39.354Z&amp;apos;
System info: host: &amp;apos;DEV_TEST_JOYDIP&amp;apos;, ip: &amp;apos;192.168.141.177&amp;apos;, os.name: &amp;apos;Windows 10&amp;apos;, os.arch: &amp;apos;amd64&amp;apos;, os.version: &amp;apos;10.0&amp;apos;, java.version: &amp;apos;1.8.0_181&amp;apos;
Driver info: org.openqa.selenium.chrome.ChromeDriver
Capabilities {acceptInsecureCerts: false, acceptSslCerts: false, applicationCacheEnabled: false, browserConnectionEnabled: false, browserName: chrome, chrome: {chromedriverVersion: 2.38.552522 (437e6fbedfa876..., userDataDir: C:\Users\JOYDIP~1.BHA\AppDa...}, cssSelectorsEnabled: true, databaseEnabled: false, handlesAlerts: true, hasTouchScreen: false, javascriptEnabled: true, locationContextEnabled: true, mobileEmulationEnabled: false, nativeEvents: true, networkConnectionEnabled: false, pageLoadStrategy: normal, platform: XP, platformName: XP, rotatable: false, setWindowRect: true, takesHeapSnapshot: true, takesScreenshot: true, unexpectedAlertBehaviour: , unhandledPromptBehavior: , version: 70.0.3538.102, webStorageEnabled: true}
Session ID: 4e815da487800cc92caa309ae9979fd4">
      <![CDATA[org.openqa.selenium.WebDriverException: unknown error: Element <button id="inboxForm:submitButton" name="inboxForm:submitButton" class="ui-button ui-widget ui-state-default ui-corner-all ui-button-text-only" onclick="PrimeFaces.ab({source:'inboxForm:submitButton',update:'inboxForm:msg'});return false;" style="color: blue; border: 2px solid Magenta;" type="submit" role="button" aria-disabled="false">...</button> is not clickable at point (758, 581). Other element would receive the click: <div id="j_id3344373_11839894_modal" class="ui-widget-overlay" style="width: 1364px; height: 1447px; z-index: 1002;"></div>
  (Session info: chrome=70.0.3538.102)
  (Driver info: chromedriver=2.38.552522 (437e6fbedfa8762dec75e2c5b3ddb86763dc9dcb),platform=Windows NT 10.0.10240 x86_64) (WARNING: The server did not provide any stacktrace information)
Command duration or timeout: 0 milliseconds
Build info: version: '3.7.1', revision: '8a0099a', time: '2017-11-06T21:01:39.354Z'
System info: host: 'DEV_TEST_JOYDIP', ip: '192.168.141.177', os.name: 'Windows 10', os.arch: 'amd64', os.version: '10.0', java.version: '1.8.0_181'
Driver info: org.openqa.selenium.chrome.ChromeDriver
Capabilities {acceptInsecureCerts: false, acceptSslCerts: false, applicationCacheEnabled: false, browserConnectionEnabled: false, browserName: chrome, chrome: {chromedriverVersion: 2.38.552522 (437e6fbedfa876..., userDataDir: C:\Users\JOYDIP~1.BHA\AppDa...}, cssSelectorsEnabled: true, databaseEnabled: false, handlesAlerts: true, hasTouchScreen: false, javascriptEnabled: true, locationContextEnabled: true, mobileEmulationEnabled: false, nativeEvents: true, networkConnectionEnabled: false, pageLoadStrategy: normal, platform: XP, platformName: XP, rotatable: false, setWindowRect: true, takesHeapSnapshot: true, takesScreenshot: true, unexpectedAlertBehaviour: , unhandledPromptBehavior: , version: 70.0.3538.102, webStorageEnabled: true}
Session ID: 4e815da487800cc92caa309ae9979fd4
at org.openqa.selenium.remote.ErrorHandler.createThrowable(ErrorHandler.java:214)
at org.openqa.selenium.remote.ErrorHandler.throwIfResponseFailed(ErrorHandler.java:166)
at org.openqa.selenium.remote.http.JsonHttpResponseCodec.reconstructValue(JsonHttpResponseCodec.java:40)
at org.openqa.selenium.remote.http.AbstractHttpResponseCodec.decode(AbstractHttpResponseCodec.java:80)
at org.openqa.selenium.remote.http.AbstractHttpResponseCodec.decode(AbstractHttpResponseCodec.java:44)
at org.openqa.selenium.remote.HttpCommandExecutor.execute(HttpCommandExecutor.java:164)
at org.openqa.selenium.remote.service.DriverCommandExecutor.execute(DriverCommandExecutor.java:83)
at org.openqa.selenium.remote.RemoteWebDriver.execute(RemoteWebDriver.java:600)
at org.openqa.selenium.remote.RemoteWebElement.execute(RemoteWebElement.java:279)
at org.openqa.selenium.remote.RemoteWebElement.click(RemoteWebElement.java:83)
at org.openqa.selenium.support.pagefactory.internal.LocatingElementHandler.invoke(LocatingElementHandler.java:51)
at com.sun.proxy.$Proxy14.click(Unknown Source)
at NRDA_RTI.ToverifyRTILoginASPIO.toverifythefunctionalityofsubmitbutton(ToverifyRTILoginASPIO.java:815)
at NRDA_RTI.NRDA_RTILoginAsmanager_Release.NRDA_RTI_SC_17_TC_05(NRDA_RTILoginAsmanager_Release.java:75)
... Removed 33 stack frames]]>
    </failure>
  </testcase> <!-- NRDA_RTI_SC_17_TC_05 -->
</testsuite> <!-- Test7 -->
