<?xml version="1.0" encoding="UTF-8"?>
<!-- Generated by org.testng.reporters.JUnitXMLReporter -->
<testsuite hostname="DEV_TEST_JOYDIP" ignored="0" name="Test6" tests="5" failures="0" timestamp="23 Nov 2018 05:34:27 GMT" time="352.422" errors="0">
  <testcase name="NRDA_RTI_SC_14_TC_01" time="37.207" classname="NRDA_RTI.NRDA_RTICitizenpayment"/>
  <testcase name="NRDA_RTI_SC_14_TC_02" time="45.347" classname="NRDA_RTI.NRDA_RTICitizenpayment"/>
  <testcase name="NRDA_RTI_SC_14_TC_03" time="59.348" classname="NRDA_RTI.NRDA_RTICitizenpayment"/>
  <testcase name="NRDA_RTI_SC_14_TC_04" time="59.765" classname="NRDA_RTI.NRDA_RTICitizenpayment"/>
  <testcase name="NRDA_RTI_SC_14_TC_05" time="107.221" classname="NRDA_RTI.NRDA_RTICitizenpayment"/>
</testsuite> <!-- Test6 -->
