<?xml version="1.0" encoding="UTF-8"?>
<!-- Generated by org.testng.reporters.JUnitXMLReporter -->
<testsuite hostname="DEV_TEST_JOYDIP" ignored="0" name="Test5" tests="2" failures="1" timestamp="22 Nov 2018 10:25:12 GMT" time="521.122" errors="0">
  <testcase name="NRDA_RTI_SC_15_TC_01" time="15.109" classname="NRDA_RTI.NRDA_RTILoginAsmanager_Verified"/>
  <testcase name="NRDA_RTI_SC_15_TC_03" time="488.274" classname="NRDA_RTI.NRDA_RTILoginAsmanager_Verified">
    <failure type="java.lang.NullPointerException">
      <![CDATA[java.lang.NullPointerException
at WaterAndSewerageLogin.WaterAndSewerageLoginPage.logout(WaterAndSewerageLoginPage.java:1478)
at NRDA_RTI.NRDA_RTILoginAsmanager_Verified.NRDA_RTI_SC_15_TC_03(NRDA_RTILoginAsmanager_Verified.java:74)
... Removed 25 stack frames]]>
    </failure>
  </testcase> <!-- NRDA_RTI_SC_15_TC_03 -->
</testsuite> <!-- Test5 -->
